2026-04-03 00:53:33,446 [INFO] =================================================================
2026-04-03 00:53:33,446 [INFO] FOSSEE DWSIM Automation Screening Task – Starting
2026-04-03 00:53:33,447 [INFO] Run timestamp: 2026-04-03T00:53:33.447186
2026-04-03 00:53:33,447 [INFO] =================================================================
2026-04-03 00:53:33,447 [INFO] DWSIM found at: C:\Users\athar\AppData\Local\DWSIM
2026-04-03 00:53:35,152 [INFO] DWSIM Automation interface loaded successfully.
2026-04-03 00:53:35,152 [INFO] 
--- Part A/C: PFR Parametric Sweep ---
2026-04-03 00:53:35,152 [INFO]   Total PFR cases: 20
2026-04-03 00:53:35,152 [INFO]   Case 1: V=0.5 mł, T=350.0 K
2026-04-03 00:53:35,677 [INFO]   Case 2: V=0.5 mł, T=380.0 K
2026-04-03 00:53:35,695 [INFO]   Case 3: V=0.5 mł, T=410.0 K
2026-04-03 00:53:35,703 [INFO]   Case 4: V=0.5 mł, T=440.0 K
2026-04-03 00:53:35,710 [INFO]   Case 5: V=1.0 mł, T=350.0 K
2026-04-03 00:53:35,718 [INFO]   Case 6: V=1.0 mł, T=380.0 K
2026-04-03 00:53:35,729 [INFO]   Case 7: V=1.0 mł, T=410.0 K
2026-04-03 00:53:35,736 [INFO]   Case 8: V=1.0 mł, T=440.0 K
2026-04-03 00:53:35,745 [INFO]   Case 9: V=2.0 mł, T=350.0 K
2026-04-03 00:53:35,756 [INFO]   Case 10: V=2.0 mł, T=380.0 K
2026-04-03 00:53:35,771 [INFO]   Case 11: V=2.0 mł, T=410.0 K
2026-04-03 00:53:35,779 [INFO]   Case 12: V=2.0 mł, T=440.0 K
2026-04-03 00:53:35,788 [INFO]   Case 13: V=5.0 mł, T=350.0 K
2026-04-03 00:53:35,804 [INFO]   Case 14: V=5.0 mł, T=380.0 K
2026-04-03 00:53:35,812 [INFO]   Case 15: V=5.0 mł, T=410.0 K
2026-04-03 00:53:35,820 [INFO]   Case 16: V=5.0 mł, T=440.0 K
2026-04-03 00:53:35,830 [INFO]   Case 17: V=10.0 mł, T=350.0 K
2026-04-03 00:53:35,838 [INFO]   Case 18: V=10.0 mł, T=380.0 K
2026-04-03 00:53:35,846 [INFO]   Case 19: V=10.0 mł, T=410.0 K
2026-04-03 00:53:35,854 [INFO]   Case 20: V=10.0 mł, T=440.0 K
2026-04-03 00:53:35,865 [INFO] 
--- Part B/C: Distillation Parametric Sweep ---
2026-04-03 00:53:35,865 [INFO]   Total Distillation cases: 16
2026-04-03 00:53:35,866 [INFO]   Case 21: N=10, feed_stage=8, R=1.0
2026-04-03 00:53:35,939 [INFO]   Case 22: N=10, feed_stage=8, R=1.5
2026-04-03 00:53:35,947 [INFO]   Case 23: N=10, feed_stage=8, R=2.0
2026-04-03 00:53:35,958 [INFO]   Case 24: N=10, feed_stage=8, R=3.0
2026-04-03 00:53:35,966 [INFO]   Case 25: N=15, feed_stage=8, R=1.0
2026-04-03 00:53:35,974 [INFO]   Case 26: N=15, feed_stage=8, R=1.5
2026-04-03 00:53:35,986 [INFO]   Case 27: N=15, feed_stage=8, R=2.0
2026-04-03 00:53:35,994 [INFO]   Case 28: N=15, feed_stage=8, R=3.0
2026-04-03 00:53:36,002 [INFO]   Case 29: N=20, feed_stage=8, R=1.0
2026-04-03 00:53:36,010 [INFO]   Case 30: N=20, feed_stage=8, R=1.5
2026-04-03 00:53:36,021 [INFO]   Case 31: N=20, feed_stage=8, R=2.0
2026-04-03 00:53:36,028 [INFO]   Case 32: N=20, feed_stage=8, R=3.0
2026-04-03 00:53:36,036 [INFO]   Case 33: N=25, feed_stage=8, R=1.0
2026-04-03 00:53:36,044 [INFO]   Case 34: N=25, feed_stage=8, R=1.5
2026-04-03 00:53:36,066 [INFO]   Case 35: N=25, feed_stage=8, R=2.0
2026-04-03 00:53:36,084 [INFO]   Case 36: N=25, feed_stage=8, R=3.0
2026-04-03 00:53:36,094 [INFO] Results written to C:\Users\athar\dwsim_screening\results.csv  (36 rows)
2026-04-03 00:53:36,094 [INFO] matplotlib not available – skipping plots.
2026-04-03 00:53:36,094 [INFO] 
=================================================================
2026-04-03 00:53:36,094 [INFO] SUMMARY:  36 cases run |  36 succeeded |  0 failed
2026-04-03 00:53:36,094 [INFO] Outputs:  results.csv, run_screening.log
2026-04-03 00:53:36,094 [INFO] =================================================================
